<?xml version="1.0" encoding="UTF-8"?>
<!-- Generated by org.testng.reporters.JUnitReportReporter -->
<testsuite name="testCases.GetQuote" tests="100" time="1228.314" ignored="0" failures="0" timestamp="01 Aug 2020 19:47:25 GMT" skipped="0" hostname="AFILT091" errors="0">
  <testcase name="purchaseProduct" time="12.248" classname="testCases.GetQuote"/>
  <testcase name="purchaseProduct" time="12.066" classname="testCases.GetQuote"/>
  <testcase name="purchaseProduct" time="11.879" classname="testCases.GetQuote"/>
  <testcase name="purchaseProduct" time="12.120" classname="testCases.GetQuote"/>
  <testcase name="purchaseProduct" time="12.498" classname="testCases.GetQuote"/>
  <testcase name="purchaseProduct" time="12.891" classname="testCases.GetQuote"/>
  <testcase name="purchaseProduct" time="12.447" classname="testCases.GetQuote"/>
  <testcase name="purchaseProduct" time="12.251" classname="testCases.GetQuote"/>
  <testcase name="purchaseProduct" time="11.940" classname="testCases.GetQuote"/>
  <testcase name="purchaseProduct" time="12.287" classname="testCases.GetQuote"/>
  <testcase name="purchaseProduct" time="11.956" classname="testCases.GetQuote"/>
  <testcase name="purchaseProduct" time="11.790" classname="testCases.GetQuote"/>
  <testcase name="purchaseProduct" time="13.243" classname="testCases.GetQuote"/>
  <testcase name="purchaseProduct" time="12.146" classname="testCases.GetQuote"/>
  <testcase name="purchaseProduct" time="12.236" classname="testCases.GetQuote"/>
  <testcase name="purchaseProduct" time="12.281" classname="testCases.GetQuote"/>
  <testcase name="purchaseProduct" time="12.147" classname="testCases.GetQuote"/>
  <testcase name="purchaseProduct" time="12.695" classname="testCases.GetQuote"/>
  <testcase name="purchaseProduct" time="11.961" classname="testCases.GetQuote"/>
  <testcase name="purchaseProduct" time="12.466" classname="testCases.GetQuote"/>
  <testcase name="purchaseProduct" time="12.095" classname="testCases.GetQuote"/>
  <testcase name="purchaseProduct" time="12.352" classname="testCases.GetQuote"/>
  <testcase name="purchaseProduct" time="12.046" classname="testCases.GetQuote"/>
  <testcase name="purchaseProduct" time="12.493" classname="testCases.GetQuote"/>
  <testcase name="purchaseProduct" time="12.020" classname="testCases.GetQuote"/>
  <testcase name="purchaseProduct" time="12.005" classname="testCases.GetQuote"/>
  <testcase name="purchaseProduct" time="12.223" classname="testCases.GetQuote"/>
  <testcase name="purchaseProduct" time="12.142" classname="testCases.GetQuote"/>
  <testcase name="purchaseProduct" time="12.172" classname="testCases.GetQuote"/>
  <testcase name="purchaseProduct" time="12.025" classname="testCases.GetQuote"/>
  <testcase name="purchaseProduct" time="12.317" classname="testCases.GetQuote"/>
  <testcase name="purchaseProduct" time="12.229" classname="testCases.GetQuote"/>
  <testcase name="purchaseProduct" time="12.310" classname="testCases.GetQuote"/>
  <testcase name="purchaseProduct" time="12.333" classname="testCases.GetQuote"/>
  <testcase name="purchaseProduct" time="12.066" classname="testCases.GetQuote"/>
  <testcase name="purchaseProduct" time="12.313" classname="testCases.GetQuote"/>
  <testcase name="purchaseProduct" time="12.375" classname="testCases.GetQuote"/>
  <testcase name="purchaseProduct" time="11.978" classname="testCases.GetQuote"/>
  <testcase name="purchaseProduct" time="12.122" classname="testCases.GetQuote"/>
  <testcase name="purchaseProduct" time="12.230" classname="testCases.GetQuote"/>
  <testcase name="purchaseProduct" time="12.165" classname="testCases.GetQuote"/>
  <testcase name="purchaseProduct" time="12.445" classname="testCases.GetQuote"/>
  <testcase name="purchaseProduct" time="12.260" classname="testCases.GetQuote"/>
  <testcase name="purchaseProduct" time="12.268" classname="testCases.GetQuote"/>
  <testcase name="purchaseProduct" time="12.515" classname="testCases.GetQuote"/>
  <testcase name="purchaseProduct" time="12.312" classname="testCases.GetQuote"/>
  <testcase name="purchaseProduct" time="12.022" classname="testCases.GetQuote"/>
  <testcase name="purchaseProduct" time="12.187" classname="testCases.GetQuote"/>
  <testcase name="purchaseProduct" time="12.315" classname="testCases.GetQuote"/>
  <testcase name="purchaseProduct" time="12.054" classname="testCases.GetQuote"/>
  <testcase name="purchaseProduct" time="12.961" classname="testCases.GetQuote"/>
  <testcase name="purchaseProduct" time="12.339" classname="testCases.GetQuote"/>
  <testcase name="purchaseProduct" time="12.472" classname="testCases.GetQuote"/>
  <testcase name="purchaseProduct" time="12.051" classname="testCases.GetQuote"/>
  <testcase name="purchaseProduct" time="12.252" classname="testCases.GetQuote"/>
  <testcase name="purchaseProduct" time="12.170" classname="testCases.GetQuote"/>
  <testcase name="purchaseProduct" time="12.192" classname="testCases.GetQuote"/>
  <testcase name="purchaseProduct" time="12.307" classname="testCases.GetQuote"/>
  <testcase name="purchaseProduct" time="12.140" classname="testCases.GetQuote"/>
  <testcase name="purchaseProduct" time="11.865" classname="testCases.GetQuote"/>
  <testcase name="purchaseProduct" time="12.550" classname="testCases.GetQuote"/>
  <testcase name="purchaseProduct" time="12.641" classname="testCases.GetQuote"/>
  <testcase name="purchaseProduct" time="12.073" classname="testCases.GetQuote"/>
  <testcase name="purchaseProduct" time="12.192" classname="testCases.GetQuote"/>
  <testcase name="purchaseProduct" time="12.361" classname="testCases.GetQuote"/>
  <testcase name="purchaseProduct" time="12.354" classname="testCases.GetQuote"/>
  <testcase name="purchaseProduct" time="12.667" classname="testCases.GetQuote"/>
  <testcase name="purchaseProduct" time="11.962" classname="testCases.GetQuote"/>
  <testcase name="purchaseProduct" time="12.532" classname="testCases.GetQuote"/>
  <testcase name="purchaseProduct" time="12.076" classname="testCases.GetQuote"/>
  <testcase name="purchaseProduct" time="11.989" classname="testCases.GetQuote"/>
  <testcase name="purchaseProduct" time="12.664" classname="testCases.GetQuote"/>
  <testcase name="purchaseProduct" time="12.068" classname="testCases.GetQuote"/>
  <testcase name="purchaseProduct" time="12.515" classname="testCases.GetQuote"/>
  <testcase name="purchaseProduct" time="12.329" classname="testCases.GetQuote"/>
  <testcase name="purchaseProduct" time="11.942" classname="testCases.GetQuote"/>
  <testcase name="purchaseProduct" time="12.361" classname="testCases.GetQuote"/>
  <testcase name="purchaseProduct" time="12.260" classname="testCases.GetQuote"/>
  <testcase name="purchaseProduct" time="12.213" classname="testCases.GetQuote"/>
  <testcase name="purchaseProduct" time="12.257" classname="testCases.GetQuote"/>
  <testcase name="purchaseProduct" time="12.553" classname="testCases.GetQuote"/>
  <testcase name="purchaseProduct" time="12.418" classname="testCases.GetQuote"/>
  <testcase name="purchaseProduct" time="12.044" classname="testCases.GetQuote"/>
  <testcase name="purchaseProduct" time="12.147" classname="testCases.GetQuote"/>
  <testcase name="purchaseProduct" time="12.540" classname="testCases.GetQuote"/>
  <testcase name="purchaseProduct" time="12.544" classname="testCases.GetQuote"/>
  <testcase name="purchaseProduct" time="12.016" classname="testCases.GetQuote"/>
  <testcase name="purchaseProduct" time="11.864" classname="testCases.GetQuote"/>
  <testcase name="purchaseProduct" time="12.641" classname="testCases.GetQuote"/>
  <testcase name="purchaseProduct" time="13.556" classname="testCases.GetQuote"/>
  <testcase name="purchaseProduct" time="12.019" classname="testCases.GetQuote"/>
  <testcase name="purchaseProduct" time="12.505" classname="testCases.GetQuote"/>
  <testcase name="purchaseProduct" time="12.386" classname="testCases.GetQuote"/>
  <testcase name="purchaseProduct" time="11.907" classname="testCases.GetQuote"/>
  <testcase name="purchaseProduct" time="11.831" classname="testCases.GetQuote"/>
  <testcase name="purchaseProduct" time="12.480" classname="testCases.GetQuote"/>
  <testcase name="purchaseProduct" time="12.354" classname="testCases.GetQuote"/>
  <testcase name="purchaseProduct" time="13.224" classname="testCases.GetQuote"/>
  <testcase name="purchaseProduct" time="12.201" classname="testCases.GetQuote"/>
  <testcase name="purchaseProduct" time="12.392" classname="testCases.GetQuote"/>
</testsuite> <!-- testCases.GetQuote -->
