<?xml version="1.0" encoding="UTF-8"?>
<!-- Generated by org.testng.reporters.JUnitReportReporter -->
<testsuite name="testCases.GetQuote" tests="3" time="37.970" ignored="0" failures="0" timestamp="01 Aug 2020 15:19:10 GMT" skipped="0" hostname="AFILT091" errors="0">
  <testcase name="purchaseProduct" time="12.014" classname="testCases.GetQuote"/>
  <testcase name="purchaseProduct" time="13.283" classname="testCases.GetQuote"/>
  <testcase name="purchaseProduct" time="12.673" classname="testCases.GetQuote"/>
</testsuite> <!-- testCases.GetQuote -->
